<?xml version="1.0" encoding="utf-8"?>
<TestRun id="ddfffcec-f1b7-4ac6-8675-7c6c3dacb889" name="dylan@DYLAN-PC 2025-03-11 23:32:47" runUser="DYLAN-PC\dylan" xmlns="http://microsoft.com/schemas/VisualStudio/TeamTest/2010">
  <Times creation="2025-03-11T23:32:47.6969042+00:00" queuing="2025-03-11T23:32:47.6969044+00:00" start="2025-03-11T23:32:46.4774088+00:00" finish="2025-03-11T23:32:47.7150043+00:00" />
  <TestSettings name="default" id="34b3856a-e556-425c-990b-2bf38799e110">
    <Deployment runDeploymentRoot="dylan_DYLAN-PC_2025-03-11_23_32_47" />
  </TestSettings>
  <Results>
    <UnitTestResult executionId="d24fa9af-3704-4ae4-ba1b-8757aea3352d" testId="7dec2b56-be37-e858-d0b6-09a0832364de" testName="VideoPlayer.Tests.JapaneseParserTests.ParseText_EmptyString_ReturnsEmptyCollection" computerName="DYLAN-PC" duration="00:00:00.0003343" startTime="2025-03-11T23:32:47.5801716+00:00" endTime="2025-03-11T23:32:47.5801716+00:00" testType="13cdc9d9-ddb5-4fa4-a97d-d965ccfc6d4b" outcome="Passed" testListId="8c84fa94-04c1-424b-9868-57a2d4851a1d" relativeResultsDirectory="d24fa9af-3704-4ae4-ba1b-8757aea3352d" />
    <UnitTestResult executionId="2b667965-81a8-41c8-bcaa-fd33963e009a" testId="2ed613d2-4994-7cb5-b0be-09d8fa762822" testName="VideoPlayer.Tests.JapaneseParserTests.ParseText_TextWithMixedScripts_HandlesCorrectly" computerName="DYLAN-PC" duration="00:00:00.0005109" startTime="2025-03-11T23:32:47.5793946+00:00" endTime="2025-03-11T23:32:47.5793949+00:00" testType="13cdc9d9-ddb5-4fa4-a97d-d965ccfc6d4b" outcome="Failed" testListId="8c84fa94-04c1-424b-9868-57a2d4851a1d" relativeResultsDirectory="2b667965-81a8-41c8-bcaa-fd33963e009a">
      <Output>
        <ErrorInfo>
          <Message>Assert.Equal() Failure&#xD;
Expected: 5&#xD;
Actual:   0</Message>
          <StackTrace>   at VideoPlayer.Tests.JapaneseParserTests.ParseText_TextWithMixedScripts_HandlesCorrectly() in C:\Users\dylan\OneDrive\Japanese\VideoPlayerProject\VideoPlayer.Tests\JapaneseParserTests.cs:line 98&#xD;
   at System.RuntimeMethodHandle.InvokeMethod(Object target, Void** arguments, Signature sig, Boolean isConstructor)&#xD;
   at System.Reflection.MethodInvoker.Invoke(Object obj, IntPtr* args, BindingFlags invokeAttr)</StackTrace>
        </ErrorInfo>
      </Output>
    </UnitTestResult>
    <UnitTestResult executionId="82998ed1-6bf6-4150-9f64-fd8d27618c94" testId="75c249a7-804f-787c-c583-22b123df658b" testName="VideoPlayer.Tests.JapaneseParserTests.ParseText_MixedText_ParsesCorrectly" computerName="DYLAN-PC" duration="00:00:00.0128288" startTime="2025-03-11T23:32:47.5774548+00:00" endTime="2025-03-11T23:32:47.5774550+00:00" testType="13cdc9d9-ddb5-4fa4-a97d-d965ccfc6d4b" outcome="Failed" testListId="8c84fa94-04c1-424b-9868-57a2d4851a1d" relativeResultsDirectory="82998ed1-6bf6-4150-9f64-fd8d27618c94">
      <Output>
        <ErrorInfo>
          <Message>Assert.Equal() Failure&#xD;
Expected: 7&#xD;
Actual:   0</Message>
          <StackTrace>   at VideoPlayer.Tests.JapaneseParserTests.ParseText_MixedText_ParsesCorrectly() in C:\Users\dylan\OneDrive\Japanese\VideoPlayerProject\VideoPlayer.Tests\JapaneseParserTests.cs:line 57&#xD;
   at System.RuntimeMethodHandle.InvokeMethod(Object target, Void** arguments, Signature sig, Boolean isConstructor)&#xD;
   at System.Reflection.MethodInvoker.Invoke(Object obj, IntPtr* args, BindingFlags invokeAttr)</StackTrace>
        </ErrorInfo>
      </Output>
    </UnitTestResult>
    <UnitTestResult executionId="70d0d56b-4a46-4b6e-8921-d1c958aaa7d5" testId="6eaf8319-8a79-cb61-446b-1c82aec5b8b0" testName="VideoPlayer.Tests.UnitTest1.Test1" computerName="DYLAN-PC" duration="00:00:00.0017716" startTime="2025-03-11T23:32:47.5597752+00:00" endTime="2025-03-11T23:32:47.5597950+00:00" testType="13cdc9d9-ddb5-4fa4-a97d-d965ccfc6d4b" outcome="Passed" testListId="8c84fa94-04c1-424b-9868-57a2d4851a1d" relativeResultsDirectory="70d0d56b-4a46-4b6e-8921-d1c958aaa7d5" />
    <UnitTestResult executionId="0027a945-d283-4192-8d97-812f7c92e9da" testId="8cfe98a3-ddd0-f05d-5532-d96170e25930" testName="VideoPlayer.Tests.JapaneseParserTests.ParseText_SimpleHiragana_ParsesCorrectly" computerName="DYLAN-PC" duration="00:00:00.0003193" startTime="2025-03-11T23:32:47.5804926+00:00" endTime="2025-03-11T23:32:47.5804927+00:00" testType="13cdc9d9-ddb5-4fa4-a97d-d965ccfc6d4b" outcome="Failed" testListId="8c84fa94-04c1-424b-9868-57a2d4851a1d" relativeResultsDirectory="0027a945-d283-4192-8d97-812f7c92e9da">
      <Output>
        <ErrorInfo>
          <Message>The collection was expected to contain a single element, but it was empty.</Message>
          <StackTrace>   at VideoPlayer.Tests.JapaneseParserTests.ParseText_SimpleHiragana_ParsesCorrectly() in C:\Users\dylan\OneDrive\Japanese\VideoPlayerProject\VideoPlayer.Tests\JapaneseParserTests.cs:line 35&#xD;
   at System.RuntimeMethodHandle.InvokeMethod(Object target, Void** arguments, Signature sig, Boolean isConstructor)&#xD;
   at System.Reflection.MethodInvoker.Invoke(Object obj, IntPtr* args, BindingFlags invokeAttr)</StackTrace>
        </ErrorInfo>
      </Output>
    </UnitTestResult>
    <UnitTestResult executionId="65b1787f-a933-4eca-bf98-c1d0996fb6e5" testId="027f4783-41f7-4f15-2330-1f53cbd87509" testName="VideoPlayer.Tests.JapaneseParserTests.ParseText_SimpleKanji_ParsesCorrectly" computerName="DYLAN-PC" duration="00:00:00.0009188" startTime="2025-03-11T23:32:47.5801281+00:00" endTime="2025-03-11T23:32:47.5801282+00:00" testType="13cdc9d9-ddb5-4fa4-a97d-d965ccfc6d4b" outcome="Failed" testListId="8c84fa94-04c1-424b-9868-57a2d4851a1d" relativeResultsDirectory="65b1787f-a933-4eca-bf98-c1d0996fb6e5">
      <Output>
        <ErrorInfo>
          <Message>The collection was expected to contain a single element, but it was empty.</Message>
          <StackTrace>   at VideoPlayer.Tests.JapaneseParserTests.ParseText_SimpleKanji_ParsesCorrectly() in C:\Users\dylan\OneDrive\Japanese\VideoPlayerProject\VideoPlayer.Tests\JapaneseParserTests.cs:line 46&#xD;
   at System.RuntimeMethodHandle.InvokeMethod(Object target, Void** arguments, Signature sig, Boolean isConstructor)&#xD;
   at System.Reflection.MethodInvoker.Invoke(Object obj, IntPtr* args, BindingFlags invokeAttr)</StackTrace>
        </ErrorInfo>
      </Output>
    </UnitTestResult>
    <UnitTestResult executionId="bd3802b0-3920-44d2-adb8-fc91bf205d30" testId="59ef40d8-5f53-2c87-17c6-3c30212b59bb" testName="VideoPlayer.Tests.JapaneseParserTests.GetWordAtPosition_ValidPosition_ReturnsCorrectWord" computerName="DYLAN-PC" duration="00:00:00.0004806" startTime="2025-03-11T23:32:47.5797570+00:00" endTime="2025-03-11T23:32:47.5797571+00:00" testType="13cdc9d9-ddb5-4fa4-a97d-d965ccfc6d4b" outcome="Failed" testListId="8c84fa94-04c1-424b-9868-57a2d4851a1d" relativeResultsDirectory="bd3802b0-3920-44d2-adb8-fc91bf205d30">
      <Output>
        <ErrorInfo>
          <Message>Assert.NotNull() Failure</Message>
          <StackTrace>   at VideoPlayer.Tests.JapaneseParserTests.GetWordAtPosition_ValidPosition_ReturnsCorrectWord() in C:\Users\dylan\OneDrive\Japanese\VideoPlayerProject\VideoPlayer.Tests\JapaneseParserTests.cs:line 78&#xD;
   at System.RuntimeMethodHandle.InvokeMethod(Object target, Void** arguments, Signature sig, Boolean isConstructor)&#xD;
   at System.Reflection.MethodInvoker.Invoke(Object obj, IntPtr* args, BindingFlags invokeAttr)</StackTrace>
        </ErrorInfo>
      </Output>
    </UnitTestResult>
    <UnitTestResult executionId="64ed1955-c2cc-46c6-81c1-4beb7f4a2da7" testId="bab52eab-ab05-129a-4b08-67c80ccb7e33" testName="VideoPlayer.Tests.JapaneseParserTests.ParseText_NonJapaneseText_ReturnsEmptyCollection" computerName="DYLAN-PC" duration="00:00:00.0005186" startTime="2025-03-11T23:32:47.5805333+00:00" endTime="2025-03-11T23:32:47.5805334+00:00" testType="13cdc9d9-ddb5-4fa4-a97d-d965ccfc6d4b" outcome="Passed" testListId="8c84fa94-04c1-424b-9868-57a2d4851a1d" relativeResultsDirectory="64ed1955-c2cc-46c6-81c1-4beb7f4a2da7" />
    <UnitTestResult executionId="d3069eb4-aa85-49b0-b4ce-6af3a367e6bb" testId="e9bccf37-e192-9c43-4146-6b0dffa8c1b1" testName="VideoPlayer.Tests.JapaneseParserTests.GetWordAtPosition_InvalidPosition_ReturnsNull" computerName="DYLAN-PC" duration="00:00:00.0006357" startTime="2025-03-11T23:32:47.5781477+00:00" endTime="2025-03-11T23:32:47.5781479+00:00" testType="13cdc9d9-ddb5-4fa4-a97d-d965ccfc6d4b" outcome="Passed" testListId="8c84fa94-04c1-424b-9868-57a2d4851a1d" relativeResultsDirectory="d3069eb4-aa85-49b0-b4ce-6af3a367e6bb" />
  </Results>
  <TestDefinitions>
    <UnitTest name="VideoPlayer.Tests.JapaneseParserTests.ParseText_TextWithMixedScripts_HandlesCorrectly" storage="c:\users\dylan\onedrive\japanese\videoplayerproject\videoplayer.tests\bin\debug\net7.0-windows\videoplayer.tests.dll" id="2ed613d2-4994-7cb5-b0be-09d8fa762822">
      <Execution id="2b667965-81a8-41c8-bcaa-fd33963e009a" />
      <TestMethod codeBase="C:\Users\dylan\OneDrive\Japanese\VideoPlayerProject\VideoPlayer.Tests\bin\Debug\net7.0-windows\VideoPlayer.Tests.dll" adapterTypeName="executor://xunit/VsTestRunner2/netcoreapp" className="VideoPlayer.Tests.JapaneseParserTests" name="ParseText_TextWithMixedScripts_HandlesCorrectly" />
    </UnitTest>
    <UnitTest name="VideoPlayer.Tests.JapaneseParserTests.ParseText_SimpleKanji_ParsesCorrectly" storage="c:\users\dylan\onedrive\japanese\videoplayerproject\videoplayer.tests\bin\debug\net7.0-windows\videoplayer.tests.dll" id="027f4783-41f7-4f15-2330-1f53cbd87509">
      <Execution id="65b1787f-a933-4eca-bf98-c1d0996fb6e5" />
      <TestMethod codeBase="C:\Users\dylan\OneDrive\Japanese\VideoPlayerProject\VideoPlayer.Tests\bin\Debug\net7.0-windows\VideoPlayer.Tests.dll" adapterTypeName="executor://xunit/VsTestRunner2/netcoreapp" className="VideoPlayer.Tests.JapaneseParserTests" name="ParseText_SimpleKanji_ParsesCorrectly" />
    </UnitTest>
    <UnitTest name="VideoPlayer.Tests.UnitTest1.Test1" storage="c:\users\dylan\onedrive\japanese\videoplayerproject\videoplayer.tests\bin\debug\net7.0-windows\videoplayer.tests.dll" id="6eaf8319-8a79-cb61-446b-1c82aec5b8b0">
      <Execution id="70d0d56b-4a46-4b6e-8921-d1c958aaa7d5" />
      <TestMethod codeBase="C:\Users\dylan\OneDrive\Japanese\VideoPlayerProject\VideoPlayer.Tests\bin\Debug\net7.0-windows\VideoPlayer.Tests.dll" adapterTypeName="executor://xunit/VsTestRunner2/netcoreapp" className="VideoPlayer.Tests.UnitTest1" name="Test1" />
    </UnitTest>
    <UnitTest name="VideoPlayer.Tests.JapaneseParserTests.ParseText_MixedText_ParsesCorrectly" storage="c:\users\dylan\onedrive\japanese\videoplayerproject\videoplayer.tests\bin\debug\net7.0-windows\videoplayer.tests.dll" id="75c249a7-804f-787c-c583-22b123df658b">
      <Execution id="82998ed1-6bf6-4150-9f64-fd8d27618c94" />
      <TestMethod codeBase="C:\Users\dylan\OneDrive\Japanese\VideoPlayerProject\VideoPlayer.Tests\bin\Debug\net7.0-windows\VideoPlayer.Tests.dll" adapterTypeName="executor://xunit/VsTestRunner2/netcoreapp" className="VideoPlayer.Tests.JapaneseParserTests" name="ParseText_MixedText_ParsesCorrectly" />
    </UnitTest>
    <UnitTest name="VideoPlayer.Tests.JapaneseParserTests.GetWordAtPosition_ValidPosition_ReturnsCorrectWord" storage="c:\users\dylan\onedrive\japanese\videoplayerproject\videoplayer.tests\bin\debug\net7.0-windows\videoplayer.tests.dll" id="59ef40d8-5f53-2c87-17c6-3c30212b59bb">
      <Execution id="bd3802b0-3920-44d2-adb8-fc91bf205d30" />
      <TestMethod codeBase="C:\Users\dylan\OneDrive\Japanese\VideoPlayerProject\VideoPlayer.Tests\bin\Debug\net7.0-windows\VideoPlayer.Tests.dll" adapterTypeName="executor://xunit/VsTestRunner2/netcoreapp" className="VideoPlayer.Tests.JapaneseParserTests" name="GetWordAtPosition_ValidPosition_ReturnsCorrectWord" />
    </UnitTest>
    <UnitTest name="VideoPlayer.Tests.JapaneseParserTests.GetWordAtPosition_InvalidPosition_ReturnsNull" storage="c:\users\dylan\onedrive\japanese\videoplayerproject\videoplayer.tests\bin\debug\net7.0-windows\videoplayer.tests.dll" id="e9bccf37-e192-9c43-4146-6b0dffa8c1b1">
      <Execution id="d3069eb4-aa85-49b0-b4ce-6af3a367e6bb" />
      <TestMethod codeBase="C:\Users\dylan\OneDrive\Japanese\VideoPlayerProject\VideoPlayer.Tests\bin\Debug\net7.0-windows\VideoPlayer.Tests.dll" adapterTypeName="executor://xunit/VsTestRunner2/netcoreapp" className="VideoPlayer.Tests.JapaneseParserTests" name="GetWordAtPosition_InvalidPosition_ReturnsNull" />
    </UnitTest>
    <UnitTest name="VideoPlayer.Tests.JapaneseParserTests.ParseText_SimpleHiragana_ParsesCorrectly" storage="c:\users\dylan\onedrive\japanese\videoplayerproject\videoplayer.tests\bin\debug\net7.0-windows\videoplayer.tests.dll" id="8cfe98a3-ddd0-f05d-5532-d96170e25930">
      <Execution id="0027a945-d283-4192-8d97-812f7c92e9da" />
      <TestMethod codeBase="C:\Users\dylan\OneDrive\Japanese\VideoPlayerProject\VideoPlayer.Tests\bin\Debug\net7.0-windows\VideoPlayer.Tests.dll" adapterTypeName="executor://xunit/VsTestRunner2/netcoreapp" className="VideoPlayer.Tests.JapaneseParserTests" name="ParseText_SimpleHiragana_ParsesCorrectly" />
    </UnitTest>
    <UnitTest name="VideoPlayer.Tests.JapaneseParserTests.ParseText_NonJapaneseText_ReturnsEmptyCollection" storage="c:\users\dylan\onedrive\japanese\videoplayerproject\videoplayer.tests\bin\debug\net7.0-windows\videoplayer.tests.dll" id="bab52eab-ab05-129a-4b08-67c80ccb7e33">
      <Execution id="64ed1955-c2cc-46c6-81c1-4beb7f4a2da7" />
      <TestMethod codeBase="C:\Users\dylan\OneDrive\Japanese\VideoPlayerProject\VideoPlayer.Tests\bin\Debug\net7.0-windows\VideoPlayer.Tests.dll" adapterTypeName="executor://xunit/VsTestRunner2/netcoreapp" className="VideoPlayer.Tests.JapaneseParserTests" name="ParseText_NonJapaneseText_ReturnsEmptyCollection" />
    </UnitTest>
    <UnitTest name="VideoPlayer.Tests.JapaneseParserTests.ParseText_EmptyString_ReturnsEmptyCollection" storage="c:\users\dylan\onedrive\japanese\videoplayerproject\videoplayer.tests\bin\debug\net7.0-windows\videoplayer.tests.dll" id="7dec2b56-be37-e858-d0b6-09a0832364de">
      <Execution id="d24fa9af-3704-4ae4-ba1b-8757aea3352d" />
      <TestMethod codeBase="C:\Users\dylan\OneDrive\Japanese\VideoPlayerProject\VideoPlayer.Tests\bin\Debug\net7.0-windows\VideoPlayer.Tests.dll" adapterTypeName="executor://xunit/VsTestRunner2/netcoreapp" className="VideoPlayer.Tests.JapaneseParserTests" name="ParseText_EmptyString_ReturnsEmptyCollection" />
    </UnitTest>
  </TestDefinitions>
  <TestEntries>
    <TestEntry testId="7dec2b56-be37-e858-d0b6-09a0832364de" executionId="d24fa9af-3704-4ae4-ba1b-8757aea3352d" testListId="8c84fa94-04c1-424b-9868-57a2d4851a1d" />
    <TestEntry testId="2ed613d2-4994-7cb5-b0be-09d8fa762822" executionId="2b667965-81a8-41c8-bcaa-fd33963e009a" testListId="8c84fa94-04c1-424b-9868-57a2d4851a1d" />
    <TestEntry testId="75c249a7-804f-787c-c583-22b123df658b" executionId="82998ed1-6bf6-4150-9f64-fd8d27618c94" testListId="8c84fa94-04c1-424b-9868-57a2d4851a1d" />
    <TestEntry testId="6eaf8319-8a79-cb61-446b-1c82aec5b8b0" executionId="70d0d56b-4a46-4b6e-8921-d1c958aaa7d5" testListId="8c84fa94-04c1-424b-9868-57a2d4851a1d" />
    <TestEntry testId="8cfe98a3-ddd0-f05d-5532-d96170e25930" executionId="0027a945-d283-4192-8d97-812f7c92e9da" testListId="8c84fa94-04c1-424b-9868-57a2d4851a1d" />
    <TestEntry testId="027f4783-41f7-4f15-2330-1f53cbd87509" executionId="65b1787f-a933-4eca-bf98-c1d0996fb6e5" testListId="8c84fa94-04c1-424b-9868-57a2d4851a1d" />
    <TestEntry testId="59ef40d8-5f53-2c87-17c6-3c30212b59bb" executionId="bd3802b0-3920-44d2-adb8-fc91bf205d30" testListId="8c84fa94-04c1-424b-9868-57a2d4851a1d" />
    <TestEntry testId="bab52eab-ab05-129a-4b08-67c80ccb7e33" executionId="64ed1955-c2cc-46c6-81c1-4beb7f4a2da7" testListId="8c84fa94-04c1-424b-9868-57a2d4851a1d" />
    <TestEntry testId="e9bccf37-e192-9c43-4146-6b0dffa8c1b1" executionId="d3069eb4-aa85-49b0-b4ce-6af3a367e6bb" testListId="8c84fa94-04c1-424b-9868-57a2d4851a1d" />
  </TestEntries>
  <TestLists>
    <TestList name="Results Not in a List" id="8c84fa94-04c1-424b-9868-57a2d4851a1d" />
    <TestList name="All Loaded Results" id="19431567-8539-422a-85d7-44ee4e166bda" />
  </TestLists>
  <ResultSummary outcome="Failed">
    <Counters total="9" executed="9" passed="4" failed="5" error="0" timeout="0" aborted="0" inconclusive="0" passedButRunAborted="0" notRunnable="0" notExecuted="0" disconnected="0" warning="0" completed="0" inProgress="0" pending="0" />
    <Output>
      <StdOut>[xUnit.net 00:00:00.00] xUnit.net VSTest Adapter v2.4.5+1caef2f33e (64-bit .NET 7.0.2)&#xD;
[xUnit.net 00:00:00.62]   Discovering: VideoPlayer.Tests&#xD;
[xUnit.net 00:00:00.64]   Discovered:  VideoPlayer.Tests&#xD;
[xUnit.net 00:00:00.65]   Starting:    VideoPlayer.Tests&#xD;
[xUnit.net 00:00:00.71]       Assert.Equal() Failure&#xD;
[xUnit.net 00:00:00.71]       Expected: 7&#xD;
[xUnit.net 00:00:00.71]       Actual:   0&#xD;
[xUnit.net 00:00:00.71]       Stack Trace:&#xD;
[xUnit.net 00:00:00.71]         C:\Users\dylan\OneDrive\Japanese\VideoPlayerProject\VideoPlayer.Tests\JapaneseParserTests.cs(57,0): at VideoPlayer.Tests.JapaneseParserTests.ParseText_MixedText_ParsesCorrectly()&#xD;
[xUnit.net 00:00:00.71]            at System.RuntimeMethodHandle.InvokeMethod(Object target, Void** arguments, Signature sig, Boolean isConstructor)&#xD;
[xUnit.net 00:00:00.71]            at System.Reflection.MethodInvoker.Invoke(Object obj, IntPtr* args, BindingFlags invokeAttr)&#xD;
[xUnit.net 00:00:00.71]       Assert.Equal() Failure&#xD;
[xUnit.net 00:00:00.71]       Expected: 5&#xD;
[xUnit.net 00:00:00.71]       Actual:   0&#xD;
[xUnit.net 00:00:00.71]       Stack Trace:&#xD;
[xUnit.net 00:00:00.71]         C:\Users\dylan\OneDrive\Japanese\VideoPlayerProject\VideoPlayer.Tests\JapaneseParserTests.cs(98,0): at VideoPlayer.Tests.JapaneseParserTests.ParseText_TextWithMixedScripts_HandlesCorrectly()&#xD;
[xUnit.net 00:00:00.71]            at System.RuntimeMethodHandle.InvokeMethod(Object target, Void** arguments, Signature sig, Boolean isConstructor)&#xD;
[xUnit.net 00:00:00.71]            at System.Reflection.MethodInvoker.Invoke(Object obj, IntPtr* args, BindingFlags invokeAttr)&#xD;
[xUnit.net 00:00:00.71]       Assert.NotNull() Failure&#xD;
[xUnit.net 00:00:00.71]       Stack Trace:&#xD;
[xUnit.net 00:00:00.71]         C:\Users\dylan\OneDrive\Japanese\VideoPlayerProject\VideoPlayer.Tests\JapaneseParserTests.cs(78,0): at VideoPlayer.Tests.JapaneseParserTests.GetWordAtPosition_ValidPosition_ReturnsCorrectWord()&#xD;
[xUnit.net 00:00:00.71]            at System.RuntimeMethodHandle.InvokeMethod(Object target, Void** arguments, Signature sig, Boolean isConstructor)&#xD;
[xUnit.net 00:00:00.71]            at System.Reflection.MethodInvoker.Invoke(Object obj, IntPtr* args, BindingFlags invokeAttr)&#xD;
[xUnit.net 00:00:00.71]       The collection was expected to contain a single element, but it was empty.&#xD;
[xUnit.net 00:00:00.71]       Stack Trace:&#xD;
[xUnit.net 00:00:00.71]         C:\Users\dylan\OneDrive\Japanese\VideoPlayerProject\VideoPlayer.Tests\JapaneseParserTests.cs(46,0): at VideoPlayer.Tests.JapaneseParserTests.ParseText_SimpleKanji_ParsesCorrectly()&#xD;
[xUnit.net 00:00:00.71]            at System.RuntimeMethodHandle.InvokeMethod(Object target, Void** arguments, Signature sig, Boolean isConstructor)&#xD;
[xUnit.net 00:00:00.71]            at System.Reflection.MethodInvoker.Invoke(Object obj, IntPtr* args, BindingFlags invokeAttr)&#xD;
[xUnit.net 00:00:00.71]       The collection was expected to contain a single element, but it was empty.&#xD;
[xUnit.net 00:00:00.71]       Stack Trace:&#xD;
[xUnit.net 00:00:00.71]         C:\Users\dylan\OneDrive\Japanese\VideoPlayerProject\VideoPlayer.Tests\JapaneseParserTests.cs(35,0): at VideoPlayer.Tests.JapaneseParserTests.ParseText_SimpleHiragana_ParsesCorrectly()&#xD;
[xUnit.net 00:00:00.71]            at System.RuntimeMethodHandle.InvokeMethod(Object target, Void** arguments, Signature sig, Boolean isConstructor)&#xD;
[xUnit.net 00:00:00.71]            at System.Reflection.MethodInvoker.Invoke(Object obj, IntPtr* args, BindingFlags invokeAttr)&#xD;
[xUnit.net 00:00:00.71]   Finished:    VideoPlayer.Tests&#xD;
</StdOut>
    </Output>
    <RunInfos>
      <RunInfo computerName="DYLAN-PC" outcome="Min" timestamp="2025-03-11T23:32:47.5756536+00:00">
        <Text>[xUnit.net 00:00:00.71]     VideoPlayer.Tests.JapaneseParserTests.ParseText_MixedText_ParsesCorrectly [FAIL]</Text>
      </RunInfo>
      <RunInfo computerName="DYLAN-PC" outcome="Min" timestamp="2025-03-11T23:32:47.5790636+00:00">
        <Text>[xUnit.net 00:00:00.71]     VideoPlayer.Tests.JapaneseParserTests.ParseText_TextWithMixedScripts_HandlesCorrectly [FAIL]</Text>
      </RunInfo>
      <RunInfo computerName="DYLAN-PC" outcome="Min" timestamp="2025-03-11T23:32:47.5809265+00:00">
        <Text>[xUnit.net 00:00:00.71]     VideoPlayer.Tests.JapaneseParserTests.GetWordAtPosition_ValidPosition_ReturnsCorrectWord [FAIL]</Text>
      </RunInfo>
      <RunInfo computerName="DYLAN-PC" outcome="Min" timestamp="2025-03-11T23:32:47.5825669+00:00">
        <Text>[xUnit.net 00:00:00.71]     VideoPlayer.Tests.JapaneseParserTests.ParseText_SimpleKanji_ParsesCorrectly [FAIL]</Text>
      </RunInfo>
      <RunInfo computerName="DYLAN-PC" outcome="Min" timestamp="2025-03-11T23:32:47.5842960+00:00">
        <Text>[xUnit.net 00:00:00.71]     VideoPlayer.Tests.JapaneseParserTests.ParseText_SimpleHiragana_ParsesCorrectly [FAIL]</Text>
      </RunInfo>
    </RunInfos>
  </ResultSummary>
</TestRun>